<?xml version="1.0" encoding="UTF-8"?>
<testsuites name="71015_Make a Payment" time="51" tests="1" failures="0" errors="0">
   <testsuite name="71015_Make a Payment" tests="1" failures="0" errors="0" time="51" timestamp="2018-07-10 22:39:19" hostname="Aileen.Villanueva - FNFCORPTECLP521.fnfglobal.local" id="Test Suites/71015_Make a Payment">
      <properties>
         <property name="deviceName" value=""/>
         <property name="devicePlatform" value=""/>
         <property name="logFolder" value="C:\\Users\\Aileen.Villanueva\\Katalon Studio\\TPP_Iteration18\\Reports\\71015_Make a Payment\\20180710_223917"/>
         <property name="logFiles" value="C:\\Users\\Aileen.Villanueva\\Katalon Studio\\TPP_Iteration18\\Reports\\71015_Make a Payment\\20180710_223917\\execution0.log"/>
         <property name="attachments" value="C:\\SCREENSHOTS\\71275_1.jpg, C:\\SCREENSHOTS\\71275_2.jpg, C:\\SCREENSHOTS\\71275_3.jpg"/>
         <property name="hostName" value="Aileen.Villanueva - FNFCORPTECLP521.fnfglobal.local"/>
         <property name="os" value="Windows 10 64bit"/>
         <property name="katalonVersion" value="5.4.2.1"/>
         <property name="browser" value="Chrome 67.0.3396.99"/>
         <property name="hostAddress" value="10.36.200.250"/>
         <property name="sessionId" value="5db0af07c23994655a650275e2a20547"/>
         <property name="seleniumVersion" value="3.7.1"/>
         <property name="proxyInformation" value="ProxyInformation{proxyOption=NO_PROXY, proxyServerType=HTTP, password=, proxyServerAddress=, proxyServerPort=0}"/>
         <property name="platform" value="Windows 10"/>
      </properties>
      <testcase name="Test Cases/71015_Make Payment/71275_Verify Pay now button is clickable and user navigate to Payment screen" classname="Test Cases/71015_Make Payment/71275_Verify Pay now button is clickable and user navigate to Payment screen" status="PASSED">
         <system-out><![CDATA[2018-07-10 22:39:20 - [TEST_CASE][PASSED] - Test Cases/71015_Make Payment/71275_Verify Pay now button is clickable and user navigate to Payment screen: Test Cases/71015_Make Payment/71275_Verify Pay now button is clickable and user navigate to Payment screen

2018-07-10 22:39:20 - [TEST_STEP][PASSED] - openBrowser: Browser is opened with url: ''

2018-07-10 22:39:24 - [MESSAGE][PASSED] - Browser is opened with url: ''

2018-07-10 22:39:24 - [TEST_STEP][PASSED] - navigateToUrl: Navigate to 'https://titlepayplus-qa2.fnf.com/' successfully

2018-07-10 22:39:27 - [MESSAGE][PASSED] - Navigate to 'https://titlepayplus-qa2.fnf.com/' successfully

2018-07-10 22:39:27 - [TEST_STEP][PASSED] - waitForElementPresent: Object 'Object Repository/Page_FNF - TitlePay Plus/a_Log In' is present

2018-07-10 22:39:27 - [MESSAGE][PASSED] - Object 'Object Repository/Page_FNF - TitlePay Plus/a_Log In' is present

2018-07-10 22:39:27 - [TEST_STEP][PASSED] - click: Object: 'Object Repository/Page_FNF - TitlePay Plus (Invoices)/a_Log In' is clicked on

2018-07-10 22:39:29 - [MESSAGE][PASSED] - Object: 'Object Repository/Page_FNF - TitlePay Plus (Invoices)/a_Log In' is clicked on

2018-07-10 22:39:29 - [TEST_STEP][PASSED] - waitForElementPresent: Object 'Object Repository/Page_FNTG Login/button_Log In' is present

2018-07-10 22:39:29 - [MESSAGE][PASSED] - Object 'Object Repository/Page_FNTG Login/button_Log In' is present

2018-07-10 22:39:29 - [TEST_STEP][PASSED] - setText: Text 'Tonya@tpp.com' is set on object 'Object Repository/Page_FNTG Login/input_username'

2018-07-10 22:39:29 - [MESSAGE][PASSED] - Text 'Tonya@tpp.com' is set on object 'Object Repository/Page_FNTG Login/input_username'

2018-07-10 22:39:29 - [TEST_STEP][PASSED] - setText: Text 'Agent001' is set on object 'Object Repository/Page_FNTG Login/input_password'

2018-07-10 22:39:30 - [MESSAGE][PASSED] - Text 'Agent001' is set on object 'Object Repository/Page_FNTG Login/input_password'

2018-07-10 22:39:30 - [TEST_STEP][PASSED] - click: Object: 'Object Repository/Page_FNTG Login/button_Log In' is clicked on

2018-07-10 22:39:30 - [MESSAGE][PASSED] - Object: 'Object Repository/Page_FNTG Login/button_Log In' is clicked on

2018-07-10 22:39:30 - [TEST_STEP][PASSED] - verifyElementPresent: Object 'Object Repository/Page_FNF - TitlePay Plus (Invoices)/first_invoice_on_table' is present

2018-07-10 22:39:47 - [MESSAGE][PASSED] - Object 'Object Repository/Page_FNF - TitlePay Plus (Invoices)/first_invoice_on_table' is present

2018-07-10 22:39:47 - [TEST_STEP][PASSED] - click: Object: 'Object Repository/Page_FNF - TitlePay Plus (Invoices)/button_Pay Now' is clicked on

2018-07-10 22:39:48 - [MESSAGE][PASSED] - Object: 'Object Repository/Page_FNF - TitlePay Plus (Invoices)/button_Pay Now' is clicked on

2018-07-10 22:39:48 - [TEST_STEP][PASSED] - takeScreenshot: Taking screenshot successfully

2018-07-10 22:39:48 - [MESSAGE][PASSED] - Taking screenshot successfully
[[ATTACHMENT|C:\\SCREENSHOTS\\71275_1.jpg]]

2018-07-10 22:39:48 - [TEST_STEP][PASSED] - click: Object: 'Object Repository/Page_FNF - TitlePay Plus (Invoices)/first_invoice_on_table' is clicked on

2018-07-10 22:39:48 - [MESSAGE][PASSED] - Object: 'Object Repository/Page_FNF - TitlePay Plus (Invoices)/first_invoice_on_table' is clicked on

2018-07-10 22:39:48 - [TEST_STEP][PASSED] - verifyElementClickable: Object 'Object Repository/Page_FNF - TitlePay Plus (Invoices)/button_Pay Now' is clickable

2018-07-10 22:39:48 - [MESSAGE][PASSED] - Object 'Object Repository/Page_FNF - TitlePay Plus (Invoices)/button_Pay Now' is clickable

2018-07-10 22:39:48 - [TEST_STEP][PASSED] - takeScreenshot: Taking screenshot successfully

2018-07-10 22:39:48 - [MESSAGE][PASSED] - Taking screenshot successfully
[[ATTACHMENT|C:\\SCREENSHOTS\\71275_2.jpg]]

2018-07-10 22:39:48 - [TEST_STEP][PASSED] - click: Object: 'Object Repository/Page_FNF - TitlePay Plus (Invoices)/button_Pay Now' is clicked on

2018-07-10 22:39:49 - [MESSAGE][PASSED] - Object: 'Object Repository/Page_FNF - TitlePay Plus (Invoices)/button_Pay Now' is clicked on

2018-07-10 22:39:49 - [TEST_STEP][PASSED] - waitForElementPresent: Object 'Object Repository/Page_FNF - TitlePay Plus (Payment Screen)/select_-- Select --New Credit' is not present after 20 second(s)

2018-07-10 22:40:10 - [MESSAGE][WARNING] - Object 'Object Repository/Page_FNF - TitlePay Plus (Payment Screen)/select_-- Select --New Credit' is not present after 20 second(s)

2018-07-10 22:40:10 - [TEST_STEP][PASSED] - takeScreenshot: Taking screenshot successfully

2018-07-10 22:40:10 - [MESSAGE][PASSED] - Taking screenshot successfully
[[ATTACHMENT|C:\\SCREENSHOTS\\71275_3.jpg]]

2018-07-10 22:40:10 - [TEST_STEP][PASSED] - closeBrowser: Browser is closed

2018-07-10 22:40:11 - [MESSAGE][PASSED] - Browser is closed]]></system-out>
         <system-err><![CDATA[]]></system-err>
      </testcase>
      <system-out><![CDATA[2018-07-10 22:39:19 - [TEST_SUITE][PASSED] - 71015_Make a Payment: Test Cases/71015_Make Payment/71275_Verify Pay now button is clickable and user navigate to Payment screen]]></system-out>
      <system-err><![CDATA[]]></system-err>
   </testsuite>
</testsuites>
