<?xml version="1.0" encoding="UTF-8"?>
<testsuites name="72391_Update Login Page with New Logo" time="27" tests="2" failures="1" errors="0">
   <testsuite name="72391_Update Login Page with New Logo" tests="2" failures="1" errors="0" time="27" timestamp="2018-07-10 17:14:17" hostname="Aileen.Villanueva - FNFCORPTECLP521.fnfglobal.local" id="Test Suites/72391_Update Login Page with New Logo">
      <properties>
         <property name="deviceName" value=""/>
         <property name="devicePlatform" value=""/>
         <property name="logFolder" value="C:\\Users\\Aileen.Villanueva\\Katalon Studio\\TPP_Iteration18\\Reports\\72391_Update Login Page with New Logo\\20180710_171415"/>
         <property name="logFiles" value="C:\\Users\\Aileen.Villanueva\\Katalon Studio\\TPP_Iteration18\\Reports\\72391_Update Login Page with New Logo\\20180710_171415\\execution0.log"/>
         <property name="attachments" value="C:\\Users\\Aileen.Villanueva\\Katalon Studio\\TPP_Iteration18\\Reports\\72391_Update Login Page with New Logo\\20180710_171415\\1531257266342.png, C:\\Users\\Aileen.Villanueva\\Katalon Studio\\TPP_Iteration18\\Reports\\72391_Update Login Page with New Logo\\20180710_171415\\1531257266544.png, C:\\Users\\Aileen.Villanueva\\Katalon Studio\\TPP_Iteration18\\Reports\\SCREENSHOTS\\73419_1.jpg, C:\\Users\\Aileen.Villanueva\\Katalon Studio\\TPP_Iteration18\\Reports\\SCREENSHOTS\\73419_2.jpg, C:\\Users\\Aileen.Villanueva\\Katalon Studio\\TPP_Iteration18\\Reports\\SCREENSHOTS\\73419_3.jpg, C:\\Users\\Aileen.Villanueva\\Katalon Studio\\TPP_Iteration18\\Reports\\SCREENSHOTS\\73420_1.jpg"/>
         <property name="hostName" value="Aileen.Villanueva - FNFCORPTECLP521.fnfglobal.local"/>
         <property name="os" value="Windows 10 64bit"/>
         <property name="katalonVersion" value="5.4.2.1"/>
         <property name="browser" value="Firefox 61.0"/>
         <property name="hostAddress" value="10.54.4.184"/>
         <property name="sessionId" value="6bf52134-98c7-46a9-8715-3755ac3fb575"/>
         <property name="seleniumVersion" value="3.7.1"/>
         <property name="proxyInformation" value="ProxyInformation{proxyOption=NO_PROXY, proxyServerType=HTTP, password=, proxyServerAddress=, proxyServerPort=0}"/>
         <property name="platform" value="Windows 10"/>
      </properties>
      <testcase name="Test Cases/72391_Update Login Page with New Logo/73417_73418_Verify Invoiking of TPP URL will display new TPP login page" classname="Test Cases/72391_Update Login Page with New Logo/73417_73418_Verify Invoiking of TPP URL will display new TPP login page" status="FAILED">
         <failure type="FAILED" message="Unable to accept alert (Root cause: No alert found)"/>
         <system-out><![CDATA[2018-07-10 17:14:17 - [TEST_CASE][FAILED] - Test Cases/72391_Update Login Page with New Logo/73417_73418_Verify Invoiking of TPP URL will display new TPP login page: Test Cases/72391_Update Login Page with New Logo/73417_73418_Verify Invoiking of TPP URL will display new TPP login page FAILED because (of) Unable to accept alert (Root cause: No alert found)

2018-07-10 17:14:18 - [TEST_STEP][PASSED] - openBrowser: Browser is opened with url: ''

2018-07-10 17:14:23 - [MESSAGE][PASSED] - Browser is opened with url: ''

2018-07-10 17:14:23 - [TEST_STEP][PASSED] - navigateToUrl: Navigate to 'https://titlepayplus-int.fnf.com/' successfully

2018-07-10 17:14:26 - [MESSAGE][PASSED] - Navigate to 'https://titlepayplus-int.fnf.com/' successfully

2018-07-10 17:14:26 - [TEST_STEP][PASSED] - waitForElementPresent: Object 'Object Repository/Page_FNF - TitlePay Plus/a_Log In' is present

2018-07-10 17:14:26 - [MESSAGE][PASSED] - Object 'Object Repository/Page_FNF - TitlePay Plus/a_Log In' is present

2018-07-10 17:14:26 - [TEST_STEP][FAILED] - acceptAlert: Unable to accept alert (Root cause: No alert found)

2018-07-10 17:14:26 - [MESSAGE][FAILED] - No alert found
[[ATTACHMENT|C:\\Users\\Aileen.Villanueva\\Katalon Studio\\TPP_Iteration18\\Reports\\72391_Update Login Page with New Logo\\20180710_171415\\1531257266342.png]]

2018-07-10 17:14:26 - [MESSAGE][FAILED] - Unable to accept alert (Root cause: No alert found)
[[ATTACHMENT|C:\\Users\\Aileen.Villanueva\\Katalon Studio\\TPP_Iteration18\\Reports\\72391_Update Login Page with New Logo\\20180710_171415\\1531257266544.png]]]]></system-out>
         <system-err><![CDATA[2018-07-10 17:14:17 - [TEST_CASE][FAILED] - Test Cases/72391_Update Login Page with New Logo/73417_73418_Verify Invoiking of TPP URL will display new TPP login page: Test Cases/72391_Update Login Page with New Logo/73417_73418_Verify Invoiking of TPP URL will display new TPP login page FAILED because (of) Unable to accept alert (Root cause: No alert found)]]></system-err>
      </testcase>
      <testcase name="Test Cases/72391_Update Login Page with New Logo/73419_Verify 4 hover feature - Login, Easy, Secure and Flexible" classname="Test Cases/72391_Update Login Page with New Logo/73419_Verify 4 hover feature - Login, Easy, Secure and Flexible" status="PASSED">
         <system-out><![CDATA[2018-07-10 17:14:26 - [TEST_CASE][PASSED] - Test Cases/72391_Update Login Page with New Logo/73419_Verify 4 hover feature - Login, Easy, Secure and Flexible: Test Cases/72391_Update Login Page with New Logo/73419_Verify 4 hover feature - Login, Easy, Secure and Flexible

2018-07-10 17:14:27 - [TEST_STEP][PASSED] - openBrowser: Browser is opened with url: ''

2018-07-10 17:14:27 - [MESSAGE][WARNING] - A browser is already opened. Closing browser and opening a new one

2018-07-10 17:14:31 - [MESSAGE][PASSED] - Browser is opened with url: ''

2018-07-10 17:14:31 - [TEST_STEP][PASSED] - navigateToUrl: Navigate to 'https://titlepayplus-int.fnf.com/' successfully

2018-07-10 17:14:34 - [MESSAGE][PASSED] - Navigate to 'https://titlepayplus-int.fnf.com/' successfully

2018-07-10 17:14:34 - [TEST_STEP][PASSED] - waitForElementPresent: Object 'Object Repository/Page_FNF - TitlePay Plus/a_Log In' is present

2018-07-10 17:14:34 - [MESSAGE][PASSED] - Object 'Object Repository/Page_FNF - TitlePay Plus/a_Log In' is present

2018-07-10 17:14:34 - [TEST_STEP][PASSED] - maximizeWindow: Current window maximized

2018-07-10 17:14:34 - [MESSAGE][PASSED] - Current window maximized

2018-07-10 17:14:34 - [TEST_STEP][PASSED] - mouseOver: Object: 'Object Repository/Page_FNF - TitlePay Plus/Easy Image' is hovered

2018-07-10 17:14:34 - [MESSAGE][PASSED] - Object: 'Object Repository/Page_FNF - TitlePay Plus/Easy Image' is hovered

2018-07-10 17:14:34 - [TEST_STEP][PASSED] - takeScreenshot: Taking screenshot successfully

2018-07-10 17:14:34 - [MESSAGE][PASSED] - Taking screenshot successfully
[[ATTACHMENT|C:\\Users\\Aileen.Villanueva\\Katalon Studio\\TPP_Iteration18\\Reports\\SCREENSHOTS\\73419_1.jpg]]

2018-07-10 17:14:34 - [TEST_STEP][PASSED] - mouseOver: Object: 'Object Repository/Page_FNF - TitlePay Plus/Flexible Image' is hovered

2018-07-10 17:14:34 - [MESSAGE][PASSED] - Object: 'Object Repository/Page_FNF - TitlePay Plus/Flexible Image' is hovered

2018-07-10 17:14:34 - [TEST_STEP][PASSED] - takeScreenshot: Taking screenshot successfully

2018-07-10 17:14:35 - [MESSAGE][PASSED] - Taking screenshot successfully
[[ATTACHMENT|C:\\Users\\Aileen.Villanueva\\Katalon Studio\\TPP_Iteration18\\Reports\\SCREENSHOTS\\73419_2.jpg]]

2018-07-10 17:14:35 - [TEST_STEP][PASSED] - mouseOver: Object: 'Object Repository/Page_FNF - TitlePay Plus/Secure Image' is hovered

2018-07-10 17:14:35 - [MESSAGE][PASSED] - Object: 'Object Repository/Page_FNF - TitlePay Plus/Secure Image' is hovered

2018-07-10 17:14:35 - [TEST_STEP][PASSED] - takeScreenshot: Taking screenshot successfully

2018-07-10 17:14:35 - [MESSAGE][PASSED] - Taking screenshot successfully
[[ATTACHMENT|C:\\Users\\Aileen.Villanueva\\Katalon Studio\\TPP_Iteration18\\Reports\\SCREENSHOTS\\73419_3.jpg]]

2018-07-10 17:14:35 - [TEST_STEP][PASSED] - closeBrowser: Browser is closed

2018-07-10 17:14:36 - [MESSAGE][PASSED] - Browser is closed]]></system-out>
         <system-err><![CDATA[]]></system-err>
      </testcase>
      <testcase name="Test Cases/72391_Update Login Page with New Logo/73420_Verify Links on TPP Screen - AboutUs, TermsofUs, Privacy, ForgotPass, Register" classname="Test Cases/72391_Update Login Page with New Logo/73420_Verify Links on TPP Screen - AboutUs, TermsofUs, Privacy, ForgotPass, Register" status="PASSED">
         <system-out><![CDATA[2018-07-10 17:14:36 - [TEST_CASE][PASSED] - Test Cases/72391_Update Login Page with New Logo/73420_Verify Links on TPP Screen - AboutUs, TermsofUs, Privacy, ForgotPass, Register: Test Cases/72391_Update Login Page with New Logo/73420_Verify Links on TPP Screen - AboutUs, TermsofUs, Privacy, ForgotPass, Register

2018-07-10 17:14:36 - [TEST_STEP][PASSED] - openBrowser: Browser is opened with url: ''

2018-07-10 17:14:41 - [MESSAGE][PASSED] - Browser is opened with url: ''

2018-07-10 17:14:41 - [TEST_STEP][PASSED] - navigateToUrl: Navigate to 'https://titlepayplus-int.fnf.com/' successfully

2018-07-10 17:14:43 - [MESSAGE][PASSED] - Navigate to 'https://titlepayplus-int.fnf.com/' successfully

2018-07-10 17:14:43 - [TEST_STEP][PASSED] - waitForElementPresent: Object 'Object Repository/Page_FNF - TitlePay Plus/a_Log In' is present

2018-07-10 17:14:43 - [MESSAGE][PASSED] - Object 'Object Repository/Page_FNF - TitlePay Plus/a_Log In' is present

2018-07-10 17:14:43 - [TEST_STEP][PASSED] - verifyElementClickable: Object 'Object Repository/Page_FNF - TitlePay Plus/a_About Us' is clickable

2018-07-10 17:14:43 - [MESSAGE][PASSED] - Object 'Object Repository/Page_FNF - TitlePay Plus/a_About Us' is clickable

2018-07-10 17:14:43 - [TEST_STEP][PASSED] - verifyElementAttributeValue: Object 'Object Repository/Page_FNF - TitlePay Plus/a_About Us' has attribute 'href' with value 'http://www.fnf.com/pages/about-us.aspx'

2018-07-10 17:14:44 - [MESSAGE][PASSED] - Object 'Object Repository/Page_FNF - TitlePay Plus/a_About Us' has attribute 'href' with value 'http://www.fnf.com/pages/about-us.aspx'

2018-07-10 17:14:44 - [TEST_STEP][PASSED] - verifyElementClickable: Object 'Object Repository/Page_FNF - TitlePay Plus/a_Register' is clickable

2018-07-10 17:14:44 - [MESSAGE][PASSED] - Object 'Object Repository/Page_FNF - TitlePay Plus/a_Register' is clickable

2018-07-10 17:14:44 - [TEST_STEP][PASSED] - verifyElementAttributeValue: Object 'Object Repository/Page_FNF - TitlePay Plus/a_Register' has attribute 'href' with value 'https://titlepayplus-int.fnf.com/Home/Register'

2018-07-10 17:14:44 - [MESSAGE][PASSED] - Object 'Object Repository/Page_FNF - TitlePay Plus/a_Register' has attribute 'href' with value 'https://titlepayplus-int.fnf.com/Home/Register'

2018-07-10 17:14:44 - [TEST_STEP][PASSED] - verifyElementClickable: Object 'Object Repository/Page_FNF - TitlePay Plus/a_FNF Privacy Notice' is clickable

2018-07-10 17:14:44 - [MESSAGE][PASSED] - Object 'Object Repository/Page_FNF - TitlePay Plus/a_FNF Privacy Notice' is clickable

2018-07-10 17:14:44 - [TEST_STEP][PASSED] - verifyElementAttributeValue: Object 'Object Repository/Page_FNF - TitlePay Plus/a_FNF Privacy Notice' has attribute 'href' with value 'http://www.fnf.com/privacy'

2018-07-10 17:14:44 - [MESSAGE][PASSED] - Object 'Object Repository/Page_FNF - TitlePay Plus/a_FNF Privacy Notice' has attribute 'href' with value 'http://www.fnf.com/privacy'

2018-07-10 17:14:44 - [TEST_STEP][PASSED] - verifyElementClickable: Object 'Object Repository/Page_FNF - TitlePay Plus/a_FNF Terms of Use' is clickable

2018-07-10 17:14:44 - [MESSAGE][PASSED] - Object 'Object Repository/Page_FNF - TitlePay Plus/a_FNF Terms of Use' is clickable

2018-07-10 17:14:44 - [TEST_STEP][PASSED] - verifyElementAttributeValue: Object 'Object Repository/Page_FNF - TitlePay Plus/a_FNF Terms of Use' has attribute 'href' with value 'http://www.fnf.com/termsofuse'

2018-07-10 17:14:44 - [MESSAGE][PASSED] - Object 'Object Repository/Page_FNF - TitlePay Plus/a_FNF Terms of Use' has attribute 'href' with value 'http://www.fnf.com/termsofuse'

2018-07-10 17:14:44 - [TEST_STEP][PASSED] - takeScreenshot: Taking screenshot successfully

2018-07-10 17:14:44 - [MESSAGE][PASSED] - Taking screenshot successfully
[[ATTACHMENT|C:\\Users\\Aileen.Villanueva\\Katalon Studio\\TPP_Iteration18\\Reports\\SCREENSHOTS\\73420_1.jpg]]

2018-07-10 17:14:44 - [TEST_STEP][PASSED] - closeBrowser: Browser is closed

2018-07-10 17:14:44 - [MESSAGE][PASSED] - Browser is closed]]></system-out>
         <system-err><![CDATA[]]></system-err>
      </testcase>
      <system-out><![CDATA[2018-07-10 17:14:17 - [TEST_SUITE][FAILED] - 72391_Update Login Page with New Logo: Test Cases/72391_Update Login Page with New Logo/73417_73418_Verify Invoiking of TPP URL will display new TPP login page FAILED because (of) Unable to accept alert (Root cause: No alert found)]]></system-out>
      <system-err><![CDATA[2018-07-10 17:14:17 - [TEST_SUITE][FAILED] - 72391_Update Login Page with New Logo: Test Cases/72391_Update Login Page with New Logo/73417_73418_Verify Invoiking of TPP URL will display new TPP login page FAILED because (of) Unable to accept alert (Root cause: No alert found)]]></system-err>
   </testsuite>
</testsuites>
